<?xml version="1.0" encoding="UTF-8"?>
<!-- Generated by org.testng.reporters.JUnitReportReporter -->
<testsuite skipped="0" hostname="DESKTOP-88P7C1H" name="qaclickacademy.RESTAPITest" tests="2" failures="0" timestamp="16 abr 2019 03:05:56 GMT" time="0.000" errors="0">
  <testcase name="postJira" time="0.000" classname="qaclickacademy.RESTAPITest"/>
  <testcase name="deleteTwitter" time="0.000" classname="qaclickacademy.RESTAPITest"/>
</testsuite> <!-- qaclickacademy.RESTAPITest -->
